<?xml version="1.0" encoding="UTF-8"?>
<!-- Generated by org.testng.reporters.JUnitReportReporter -->
<testsuite hostname="Rajkumar" failures="0" tests="1" name="testPackage.Testng" time="3.506" errors="0" timestamp="2022-04-15T23:05:22 IST" skipped="0">
  <testcase classname="testPackage.Testng" name="validateUrl" time="3.506"/>
  <system-out>
    <![CDATA[Test case is validate ,test case is pass]]>
  </system-out>
</testsuite> <!-- testPackage.Testng -->
